<?xml version="1.0" encoding="UTF-8"?>
<!-- Generated by org.testng.reporters.JUnitXMLReporter -->
<testsuite ignored="1" hostname="DESKTOP-HT8QQFT" failures="1" tests="2" name="sample" time="0.015" errors="0" timestamp="2022-03-17T18:21:48 IST">
  <testcase classname="TestNG.example6_sample2" name="TC4" time="0.002"/>
  <testcase classname="TestNG.example6_sample2" name="TC5" time="0.002">
    <failure type="java.lang.AssertionError" message="null">
      <![CDATA[java.lang.AssertionError: null
at TestNG.example6_sample2.TC5(example6_sample2.java:19)
at java.base/java.util.ArrayList.forEach(ArrayList.java:1511)
... Removed 29 stack frames]]>
    </failure>
  </testcase> <!-- TC5 -->
  <testcase classname="TestNG.example6_sample2" name="TC6" time="0.0">
    <ignored/>
  </testcase> <!-- TC6 -->
</testsuite> <!-- sample -->
