<?xml version="1.0" encoding="UTF-8"?>
<!-- Generated by org.testng.reporters.JUnitXMLReporter -->
<testsuite ignored="0" hostname="DESKTOP-HT8QQFT" failures="0" tests="12" name="Testp" time="0.196" errors="0" timestamp="2022-03-21T17:25:41 IST">
  <testcase classname="TestNG1.Day1" name="login1" time="0.025"/>
  <testcase classname="TestNG1.Day1" name="login2" time="0.008"/>
  <testcase classname="TestNG1.Day1" name="login3" time="0.002"/>
  <testcase classname="TestNG1.Day1" name="login4" time="0.005"/>
  <testcase classname="TestNG1.Day1" name="login5" time="0.003"/>
  <testcase classname="TestNG1.Day1" name="profile" time="0.004"/>
  <testcase classname="TestNG1.Day2" name="login6" time="0.002"/>
  <testcase classname="TestNG1.Day2" name="login7" time="0.003"/>
  <testcase classname="TestNG1.Day2" name="logout" time="0.001"/>
  <testcase classname="TestNG1.Day2" name="profile2" time="0.002"/>
  <testcase classname="TestNG1.Day3" name="Logout" time="0.001"/>
  <testcase classname="TestNG1.Day3" name="account" time="0.002"/>
</testsuite> <!-- Testp -->
