<?xml version="1.0" encoding="UTF-8"?>
<!-- Generated by org.testng.reporters.JUnitXMLReporter -->
<testsuite ignored="0" hostname="DESKTOP-HT8QQFT" failures="1" tests="2" name="Test" time="21.009" errors="0" timestamp="2022-06-30T18:33:20 IST">
  <testcase classname="TestNGListners.MyfirstTestCaseA1" name="DuumyTC" time="0.02">
    <failure type="java.lang.AssertionError" message="expected [true] but found [false]">
      <![CDATA[java.lang.AssertionError: expected [true] but found [false]
at TestNGListners.MyfirstTestCaseA1.DuumyTC(MyfirstTestCaseA1.java:37)
at java.base/java.util.ArrayList.forEach(ArrayList.java:1511)
... Removed 31 stack frames]]>
    </failure>
  </testcase> <!-- DuumyTC -->
  <testcase classname="TestNGListners.MyfirstTestCaseA1" name="GoogleTitleVerify" time="20.897"/>
</testsuite> <!-- Test -->
